2024-06-20T15:04:46.375+09:00  INFO 28652 --- [toys] [main] c.spring.security.toys.ToysApplication   : Starting ToysApplication using Java 17 with PID 28652 (C:\Users\banwi\OneDrive\바탕화면\toys\out\production\classes started by banwi in C:\Users\banwi\OneDrive\바탕화면\toys)
2024-06-20T15:04:46.377+09:00 DEBUG 28652 --- [toys] [main] c.spring.security.toys.ToysApplication   : Running with Spring Boot v3.3.0, Spring v6.1.8
2024-06-20T15:04:46.378+09:00  INFO 28652 --- [toys] [main] c.spring.security.toys.ToysApplication   : No active profile set, falling back to 1 default profile: "default"
2024-06-20T15:04:49.777+09:00 DEBUG 28652 --- [toys] [main] c.s.s.t.f.CustomAuthenticationFilter     : Filter 'customAuthenticationFilter' configured for use
2024-06-20T15:04:50.264+09:00  INFO 28652 --- [toys] [main] c.spring.security.toys.ToysApplication   : Started ToysApplication in 4.461 seconds (process running for 5.179)
2024-06-20T15:05:11.405+09:00  INFO 3932 --- [toys] [main] c.spring.security.toys.ToysApplication   : Starting ToysApplication using Java 17 with PID 3932 (C:\Users\banwi\OneDrive\바탕화면\toys\out\production\classes started by banwi in C:\Users\banwi\OneDrive\바탕화면\toys)
2024-06-20T15:05:11.408+09:00 DEBUG 3932 --- [toys] [main] c.spring.security.toys.ToysApplication   : Running with Spring Boot v3.3.0, Spring v6.1.8
2024-06-20T15:05:11.410+09:00  INFO 3932 --- [toys] [main] c.spring.security.toys.ToysApplication   : No active profile set, falling back to 1 default profile: "default"
2024-06-20T15:05:14.381+09:00 DEBUG 3932 --- [toys] [main] c.s.s.t.f.CustomAuthenticationFilter     : Filter 'customAuthenticationFilter' configured for use
2024-06-20T15:05:14.933+09:00  INFO 3932 --- [toys] [main] c.spring.security.toys.ToysApplication   : Started ToysApplication in 3.977 seconds (process running for 4.58)
2024-06-20T15:08:08.155+09:00  INFO 8148 --- [toys] [main] c.spring.security.toys.ToysApplication   : Starting ToysApplication using Java 17 with PID 8148 (C:\Users\banwi\OneDrive\바탕화면\toys\out\production\classes started by banwi in C:\Users\banwi\OneDrive\바탕화면\toys)
2024-06-20T15:08:08.158+09:00 DEBUG 8148 --- [toys] [main] c.spring.security.toys.ToysApplication   : Running with Spring Boot v3.3.0, Spring v6.1.8
2024-06-20T15:08:08.159+09:00  INFO 8148 --- [toys] [main] c.spring.security.toys.ToysApplication   : No active profile set, falling back to 1 default profile: "default"
2024-06-20T15:08:10.914+09:00 DEBUG 8148 --- [toys] [main] c.s.s.t.f.CustomAuthenticationFilter     : Filter 'customAuthenticationFilter' configured for use
2024-06-20T15:08:11.324+09:00  INFO 8148 --- [toys] [main] c.spring.security.toys.ToysApplication   : Started ToysApplication in 3.593 seconds (process running for 4.138)
2024-06-20T15:09:09.160+09:00  INFO 12644 --- [toys] [main] c.spring.security.toys.ToysApplication   : Starting ToysApplication using Java 17 with PID 12644 (C:\Users\banwi\OneDrive\바탕화면\toys\out\production\classes started by banwi in C:\Users\banwi\OneDrive\바탕화면\toys)
2024-06-20T15:09:09.163+09:00 DEBUG 12644 --- [toys] [main] c.spring.security.toys.ToysApplication   : Running with Spring Boot v3.3.0, Spring v6.1.8
2024-06-20T15:09:09.164+09:00  INFO 12644 --- [toys] [main] c.spring.security.toys.ToysApplication   : No active profile set, falling back to 1 default profile: "default"
2024-06-20T15:09:09.844+09:00  INFO 12644 --- [toys] [main] .s.d.r.c.RepositoryConfigurationDelegate : Bootstrapping Spring Data JPA repositories in DEFAULT mode.
2024-06-20T15:09:09.896+09:00  INFO 12644 --- [toys] [main] .s.d.r.c.RepositoryConfigurationDelegate : Finished Spring Data repository scanning in 46 ms. Found 1 JPA repository interface.
2024-06-20T15:09:10.324+09:00  INFO 12644 --- [toys] [main] o.s.b.w.embedded.tomcat.TomcatWebServer  : Tomcat initialized with port 9221 (http)
2024-06-20T15:09:10.334+09:00  INFO 12644 --- [toys] [main] o.apache.catalina.core.StandardService   : Starting service [Tomcat]
2024-06-20T15:09:10.336+09:00  INFO 12644 --- [toys] [main] o.apache.catalina.core.StandardEngine    : Starting Servlet engine: [Apache Tomcat/10.1.24]
2024-06-20T15:09:10.381+09:00  INFO 12644 --- [toys] [main] o.a.c.c.C.[Tomcat].[localhost].[/]       : Initializing Spring embedded WebApplicationContext
2024-06-20T15:09:10.382+09:00  INFO 12644 --- [toys] [main] w.s.c.ServletWebServerApplicationContext : Root WebApplicationContext: initialization completed in 1165 ms
2024-06-20T15:09:10.472+09:00  INFO 12644 --- [toys] [main] o.hibernate.jpa.internal.util.LogHelper  : HHH000204: Processing PersistenceUnitInfo [name: default]
2024-06-20T15:09:10.521+09:00  INFO 12644 --- [toys] [main] org.hibernate.Version                    : HHH000412: Hibernate ORM core version 6.5.2.Final
2024-06-20T15:09:10.556+09:00  INFO 12644 --- [toys] [main] o.h.c.internal.RegionFactoryInitiator    : HHH000026: Second-level cache disabled
2024-06-20T15:09:10.830+09:00  INFO 12644 --- [toys] [main] o.s.o.j.p.SpringPersistenceUnitInfo      : No LoadTimeWeaver setup: ignoring JPA class transformer
2024-06-20T15:09:10.867+09:00  INFO 12644 --- [toys] [main] com.zaxxer.hikari.HikariDataSource       : HikariPool-1 - Starting...
2024-06-20T15:09:10.933+09:00  INFO 12644 --- [toys] [main] com.zaxxer.hikari.pool.HikariPool        : HikariPool-1 - Added connection org.mariadb.jdbc.Connection@1c2dd89b
2024-06-20T15:09:10.935+09:00  INFO 12644 --- [toys] [main] com.zaxxer.hikari.HikariDataSource       : HikariPool-1 - Start completed.
2024-06-20T15:09:10.959+09:00  WARN 12644 --- [toys] [main] org.hibernate.orm.deprecation            : HHH90000025: MariaDBDialect does not need to be specified explicitly using 'hibernate.dialect' (remove the property setting and it will be selected by default)
2024-06-20T15:09:11.638+09:00  INFO 12644 --- [toys] [main] o.h.e.t.j.p.i.JtaPlatformInitiator       : HHH000489: No JTA platform available (set 'hibernate.transaction.jta.platform' to enable JTA platform integration)
2024-06-20T15:09:11.725+09:00  INFO 12644 --- [toys] [main] j.LocalContainerEntityManagerFactoryBean : Initialized JPA EntityManagerFactory for persistence unit 'default'
2024-06-20T15:09:11.895+09:00  INFO 12644 --- [toys] [main] o.s.d.j.r.query.QueryEnhancerFactory     : Hibernate is in classpath; If applicable, HQL parser will be used.
2024-06-20T15:09:12.002+09:00  WARN 12644 --- [toys] [main] r$InitializeUserDetailsManagerConfigurer : Global AuthenticationManager configured with an AuthenticationProvider bean. UserDetailsService beans will not be used for username/password login. Consider removing the AuthenticationProvider bean. Alternatively, consider using the UserDetailsService in a manually instantiated DaoAuthenticationProvider.
2024-06-20T15:09:12.039+09:00 DEBUG 12644 --- [toys] [main] c.s.s.t.f.CustomAuthenticationFilter     : Filter 'customAuthenticationFilter' configured for use
2024-06-20T15:09:12.067+09:00  WARN 12644 --- [toys] [main] JpaBaseConfiguration$JpaWebConfiguration : spring.jpa.open-in-view is enabled by default. Therefore, database queries may be performed during view rendering. Explicitly configure spring.jpa.open-in-view to disable this warning
2024-06-20T15:09:12.300+09:00  INFO 12644 --- [toys] [main] o.s.s.web.DefaultSecurityFilterChain     : Will secure any request with [org.springframework.security.web.session.DisableEncodeUrlFilter@4babe06f, org.springframework.security.web.context.request.async.WebAsyncManagerIntegrationFilter@5c6be812, org.springframework.security.web.context.SecurityContextHolderFilter@75d9b73c, org.springframework.security.web.header.HeaderWriterFilter@32084a01, org.springframework.web.filter.CorsFilter@19ee0a2f, org.springframework.security.web.authentication.logout.LogoutFilter@69e736bf, com.spring.security.toys.filter.CustomAuthenticationFilter@7890fbf9, org.springframework.security.web.authentication.UsernamePasswordAuthenticationFilter@22cce199, org.springframework.security.web.savedrequest.RequestCacheAwareFilter@5a08d301, org.springframework.security.web.servletapi.SecurityContextHolderAwareRequestFilter@5b3c2a9f, org.springframework.security.web.authentication.AnonymousAuthenticationFilter@28796d0e, org.springframework.security.web.access.ExceptionTranslationFilter@55a2f08b, org.springframework.security.web.access.intercept.AuthorizationFilter@1ee126de]
2024-06-20T15:09:12.524+09:00  INFO 12644 --- [toys] [main] o.s.b.w.embedded.tomcat.TomcatWebServer  : Tomcat started on port 9221 (http) with context path '/'
2024-06-20T15:09:12.531+09:00  INFO 12644 --- [toys] [main] c.spring.security.toys.ToysApplication   : Started ToysApplication in 3.799 seconds (process running for 4.344)
2024-06-20T15:09:15.926+09:00  INFO 12644 --- [toys] [SpringApplicationShutdownHook] j.LocalContainerEntityManagerFactoryBean : Closing JPA EntityManagerFactory for persistence unit 'default'
2024-06-20T15:09:15.927+09:00  INFO 12644 --- [toys] [SpringApplicationShutdownHook] com.zaxxer.hikari.HikariDataSource       : HikariPool-1 - Shutdown initiated...
2024-06-20T15:09:15.932+09:00  INFO 12644 --- [toys] [SpringApplicationShutdownHook] com.zaxxer.hikari.HikariDataSource       : HikariPool-1 - Shutdown completed.
